<?xml version="1.0" encoding="UTF-8"?>
<testsuite name="Inicio de sesion de usuario Messi" tests="1" skipped="0" failures="0" errors="0" timestamp="2022-08-04T22:39:30" hostname="DESKTOP-OPNS9OF" time="27.055">
  <properties/>
  <testcase name="Inicio de sesion en Utest con el usuario messi" classname="Inicio de sesion de usuario Messi" time="27.055"/>
  <system-out><![CDATA[]]></system-out>
  <system-err><![CDATA[[Test worker] WARN net.thucydides.core.steps.BaseStepListener - stepStarted: net.thucydides.core.steps.ExecutedStepDescription@1af541f6
[Test worker] WARN net.thucydides.core.steps.BaseStepListener - stepStarted: net.thucydides.core.steps.ExecutedStepDescription@3e926fea
[Test worker] WARN net.thucydides.core.steps.BaseStepListener - stepStarted: net.thucydides.core.steps.ExecutedStepDescription@6b333eb9
ago 04, 2022 5:39:32 PM org.openqa.selenium.remote.DesiredCapabilities chrome
INFORMACIÓN: Using `new ChromeOptions()` is preferred to `DesiredCapabilities.chrome()`
[Test worker] INFO net.serenitybdd.core.webdriver.driverproviders.ProvideNewDriver - Instantiating driver
[Test worker] INFO net.serenitybdd.core.webdriver.driverproviders.ProvideNewDriver - Driver capabilities: Capabilities {acceptInsecureCerts: false, browserName: chrome, chrome.switches: --start-maximized, goog:chromeOptions: {args: [--start-maximized], extensions: []}, loggingPrefs: org.openqa.selenium.logging..., platform: ANY, version: }
Starting ChromeDriver 103.0.5060.134 (8ec6fce403b3feb0869b0732eda8bd95011d333c-refs/branch-heads/5060@{#1262}) on port 29871
Only local connections are allowed.
Please see https://chromedriver.chromium.org/security-considerations for suggestions on keeping ChromeDriver safe.
ChromeDriver was started successfully.
ago 04, 2022 5:39:37 PM org.openqa.selenium.remote.ProtocolHandshake createSession
INFORMACIÓN: Detected dialect: W3C
[Test worker] WARN net.thucydides.core.steps.BaseStepListener - stepFinished: current outcome:Inicio de sesion en Utest con el usuario messi:Given Espera que los datos esten bien [Messi iniciar [Messi opens the Page utest]]
[Test worker] WARN net.thucydides.core.steps.BaseStepListener - stepStarted: net.thucydides.core.steps.ExecutedStepDescription@63b2ca3b
[Test worker] WARN net.thucydides.core.steps.BaseStepListener - stepFinished: current outcome:Inicio de sesion en Utest con el usuario messi:Given Espera que los datos esten bien [Messi iniciar [Messi opens the Page utest, Messi clicks on BotÃ³n para iniciar sesiÃ³n]]
[Test worker] WARN net.thucydides.core.steps.BaseStepListener - stepFinished: current outcome:Inicio de sesion en Utest con el usuario messi:Given Espera que los datos esten bien [Messi iniciar [Messi opens the Page utest, Messi clicks on BotÃ³n para iniciar sesiÃ³n]]
[Test worker] WARN net.thucydides.core.steps.BaseStepListener - stepFinished: current outcome:Inicio de sesion en Utest con el usuario messi:Given Espera que los datos esten bien [Messi iniciar [Messi opens the Page utest, Messi clicks on BotÃ³n para iniciar sesiÃ³n]]
[Test worker] WARN net.thucydides.core.steps.BaseStepListener - stepStarted: net.thucydides.core.steps.ExecutedStepDescription@424cf033
[Test worker] WARN net.thucydides.core.steps.BaseStepListener - stepStarted: net.thucydides.core.steps.ExecutedStepDescription@aa2818d
[Test worker] WARN net.thucydides.core.steps.BaseStepListener - stepStarted: net.thucydides.core.steps.ExecutedStepDescription@4f986dbb
[Test worker] WARN net.thucydides.core.steps.BaseStepListener - stepFinished: current outcome:Inicio de sesion en Utest con el usuario messi:Given Espera que los datos esten bien [Messi iniciar [Messi opens the Page utest, Messi clicks on BotÃ³n para iniciar sesiÃ³n]], When Ingresar los datos correctamente
| strUsuario | strClave |
| messi1@gmail.com | PepitoPerez12345 | [Messi llenar sesion [Messi enters 'messi1@gmail.com' into Ingrese Usuario]]
[Test worker] WARN net.thucydides.core.steps.BaseStepListener - stepStarted: net.thucydides.core.steps.ExecutedStepDescription@3342df69
[Test worker] WARN net.thucydides.core.steps.BaseStepListener - stepFinished: current outcome:Inicio de sesion en Utest con el usuario messi:Given Espera que los datos esten bien [Messi iniciar [Messi opens the Page utest, Messi clicks on BotÃ³n para iniciar sesiÃ³n]], When Ingresar los datos correctamente
| strUsuario | strClave |
| messi1@gmail.com | PepitoPerez12345 | [Messi llenar sesion [Messi enters 'messi1@gmail.com' into Ingrese Usuario, Messi enters 'PepitoPerez12345' into Ingrese su clave]]
[Test worker] WARN net.thucydides.core.steps.BaseStepListener - stepStarted: net.thucydides.core.steps.ExecutedStepDescription@c672dc8
[Test worker] WARN net.thucydides.core.steps.BaseStepListener - stepFinished: current outcome:Inicio de sesion en Utest con el usuario messi:Given Espera que los datos esten bien [Messi iniciar [Messi opens the Page utest, Messi clicks on BotÃ³n para iniciar sesiÃ³n]], When Ingresar los datos correctamente
| strUsuario | strClave |
| messi1@gmail.com | PepitoPerez12345 | [Messi llenar sesion [Messi enters 'messi1@gmail.com' into Ingrese Usuario, Messi enters 'PepitoPerez12345' into Ingrese su clave, Messi clicks on BotÃ³n de ingreso]]
[Test worker] WARN net.thucydides.core.steps.BaseStepListener - stepFinished: current outcome:Inicio de sesion en Utest con el usuario messi:Given Espera que los datos esten bien [Messi iniciar [Messi opens the Page utest, Messi clicks on BotÃ³n para iniciar sesiÃ³n]], When Ingresar los datos correctamente
| strUsuario | strClave |
| messi1@gmail.com | PepitoPerez12345 | [Messi llenar sesion [Messi enters 'messi1@gmail.com' into Ingrese Usuario, Messi enters 'PepitoPerez12345' into Ingrese su clave, Messi clicks on BotÃ³n de ingreso]]
[Test worker] WARN net.thucydides.core.steps.BaseStepListener - stepFinished: current outcome:Inicio de sesion en Utest con el usuario messi:Given Espera que los datos esten bien [Messi iniciar [Messi opens the Page utest, Messi clicks on BotÃ³n para iniciar sesiÃ³n]], When Ingresar los datos correctamente
| strUsuario | strClave |
| messi1@gmail.com | PepitoPerez12345 | [Messi llenar sesion [Messi enters 'messi1@gmail.com' into Ingrese Usuario, Messi enters 'PepitoPerez12345' into Ingrese su clave, Messi clicks on BotÃ³n de ingreso]]
[Test worker] WARN net.thucydides.core.steps.BaseStepListener - stepStarted: net.thucydides.core.steps.ExecutedStepDescription@6fbee23a
[Test worker] WARN net.thucydides.core.steps.BaseStepListener - stepFinished: current outcome:Inicio de sesion en Utest con el usuario messi:Given Espera que los datos esten bien [Messi iniciar [Messi opens the Page utest, Messi clicks on BotÃ³n para iniciar sesiÃ³n]], When Ingresar los datos correctamente
| strUsuario | strClave |
| messi1@gmail.com | PepitoPerez12345 | [Messi llenar sesion [Messi enters 'messi1@gmail.com' into Ingrese Usuario, Messi enters 'PepitoPerez12345' into Ingrese su clave, Messi clicks on BotÃ³n de ingreso]], Then Iniciar sesion exitosamente en Utest
[Test worker] WARN net.thucydides.core.steps.BaseStepListener - testFinished: Inicio de sesion en Utest con el usuario messi:Given Espera que los datos esten bien [Messi iniciar [Messi opens the Page utest, Messi clicks on BotÃ³n para iniciar sesiÃ³n]], When Ingresar los datos correctamente
| strUsuario | strClave |
| messi1@gmail.com | PepitoPerez12345 | [Messi llenar sesion [Messi enters 'messi1@gmail.com' into Ingrese Usuario, Messi enters 'PepitoPerez12345' into Ingrese su clave, Messi clicks on BotÃ³n de ingreso]], Then Iniciar sesion exitosamente en Utest
[Test worker] WARN net.thucydides.core.steps.BaseStepListener - TestOutcomes: [Inicio de sesion en Utest con el usuario messi:Given Espera que los datos esten bien [Messi iniciar [Messi opens the Page utest, Messi clicks on BotÃ³n para iniciar sesiÃ³n]], When Ingresar los datos correctamente
| strUsuario | strClave |
| messi1@gmail.com | PepitoPerez12345 | [Messi llenar sesion [Messi enters 'messi1@gmail.com' into Ingrese Usuario, Messi enters 'PepitoPerez12345' into Ingrese su clave, Messi clicks on BotÃ³n de ingreso]], Then Iniciar sesion exitosamente en Utest]
[Test worker] WARN net.thucydides.core.steps.BaseStepListener - Final testOutcomes: [Inicio de sesion en Utest con el usuario messi:Given Espera que los datos esten bien [Messi iniciar [Messi opens the Page utest, Messi clicks on BotÃ³n para iniciar sesiÃ³n]], When Ingresar los datos correctamente
| strUsuario | strClave |
| messi1@gmail.com | PepitoPerez12345 | [Messi llenar sesion [Messi enters 'messi1@gmail.com' into Ingrese Usuario, Messi enters 'PepitoPerez12345' into Ingrese su clave, Messi clicks on BotÃ³n de ingreso]], Then Iniciar sesion exitosamente en Utest]
[Test worker] INFO net.thucydides.core.steps.ConsoleLoggingListener - 
        __    _____ _____ ____ _____   ____   _    ____  ____  _____ ____  
  _     \ \  |_   _| ____/ ___|_   _| |  _ \ / \  / ___|/ ___|| ____|  _ \ 
 (_)_____| |   | | |  _| \___ \ | |   | |_) / _ \ \___ \\___ \|  _| | | | |
  _|_____| |   | | | |___ ___) || |   |  __/ ___ \ ___) |___) | |___| |_| |
 (_)     | |   |_| |_____|____/ |_|   |_| /_/   \_\____/|____/|_____|____/ 
        /_/                                                                

TEST PASSED: Inicio de sesion en Utest con el usuario messi
----------------------------------------------------------------------------
]]></system-err>
</testsuite>
